build/app/intermediates/manifest_merge_blame_file/debug/manifest-merger-blame-debug-report.txt
1<?xml version="1.0" encoding="utf-8"?>
2<manifest xmlns:android="http://schemas.android.com/apk/res/android"
3    package="com.shreesamrajyalakshmitemple"
4    android:versionCode="40"
5    android:versionName="5.0.5" >
6
7    <uses-sdk
8        android:minSdkVersion="22"
9        android:targetSdkVersion="34" />
10    <!--
11         Flutter needs it to communicate with the running application
12         to allow setting breakpoints, to provide hot reload, etc.
13    -->
14    <uses-permission android:name="android.permission.INTERNET" />
14-->src/main/AndroidManifest.xml:5:5-67
14-->src/main/AndroidManifest.xml:5:22-64
15    <uses-permission android:name="android.permission.ACCESS_WIFI_STATE" />
15-->src/main/AndroidManifest.xml:6:5-76
15-->src/main/AndroidManifest.xml:6:22-73
16    <uses-permission android:name="android.permission.ACCESS_NETWORK_STATE" />
16-->src/main/AndroidManifest.xml:7:5-79
16-->src/main/AndroidManifest.xml:7:22-76
17    <uses-permission android:name="android.permission.WRITE_EXTERNAL_STORAGE" />
17-->src/main/AndroidManifest.xml:8:5-81
17-->src/main/AndroidManifest.xml:8:22-78
18    <uses-permission android:name="android.permission.READ_EXTERNAL_STORAGE" />
18-->src/main/AndroidManifest.xml:9:5-80
18-->src/main/AndroidManifest.xml:9:22-77
19    <uses-permission android:name="android.permission.ACCESS_FINE_LOCATION" />
19-->src/main/AndroidManifest.xml:10:5-79
19-->src/main/AndroidManifest.xml:10:22-76
20    <uses-permission android:name="android.permission.ACCESS_COARSE_LOCATION" />
20-->src/main/AndroidManifest.xml:11:5-81
20-->src/main/AndroidManifest.xml:11:22-78
21
22    <uses-feature android:name="android.hardware.camera" />
22-->src/main/AndroidManifest.xml:13:5-60
22-->src/main/AndroidManifest.xml:13:19-57
23    <uses-feature android:name="android.hardware.camera.autofocus" />
23-->src/main/AndroidManifest.xml:14:5-70
23-->src/main/AndroidManifest.xml:14:19-67
24
25    <uses-permission android:name="android.permission.CAMERA" />
25-->src/main/AndroidManifest.xml:16:5-65
25-->src/main/AndroidManifest.xml:16:22-62
26    <uses-permission android:name="android.permission.RECORD_AUDIO" />
26-->src/main/AndroidManifest.xml:17:5-71
26-->src/main/AndroidManifest.xml:17:22-68
27    <uses-permission android:name="android.permission.ACCESS_NETWORK_STATE" />
27-->src/main/AndroidManifest.xml:7:5-79
27-->src/main/AndroidManifest.xml:7:22-76
28    <uses-permission android:name="android.permission.CHANGE_NETWORK_STATE" />
28-->src/main/AndroidManifest.xml:19:5-79
28-->src/main/AndroidManifest.xml:19:22-76
29    <uses-permission android:name="android.permission.MODIFY_AUDIO_SETTINGS" />
29-->src/main/AndroidManifest.xml:20:5-80
29-->src/main/AndroidManifest.xml:20:22-77
30    <uses-permission android:name="android.permission.BLUETOOTH" />
30-->src/main/AndroidManifest.xml:21:5-68
30-->src/main/AndroidManifest.xml:21:22-65
31    <uses-permission android:name="android.permission.BLUETOOTH_ADMIN" />
31-->src/main/AndroidManifest.xml:22:5-74
31-->src/main/AndroidManifest.xml:22:22-71
32    <uses-permission android:name="android.permission.VIDEO_CAPTURE" />
32-->src/main/AndroidManifest.xml:23:5-72
32-->src/main/AndroidManifest.xml:23:22-69
33    <uses-permission android:name="android.permission.AUDIO_CAPTURE" />
33-->src/main/AndroidManifest.xml:24:5-72
33-->src/main/AndroidManifest.xml:24:22-69
34    <uses-permission android:name="android.permission.WAKE_LOCK" /> <!-- Permissions options for the `notification` group -->
34-->[:firebase_messaging] AndroidManifest.xml:10:5-68
34-->[:firebase_messaging] AndroidManifest.xml:10:22-65
35    <uses-permission android:name="android.permission.POST_NOTIFICATIONS" />
35-->[:firebase_messaging] AndroidManifest.xml:13:5-77
35-->[:firebase_messaging] AndroidManifest.xml:13:22-74
36
37    <queries>
37-->[:flutter_inappwebview_android] AndroidManifest.xml:9:5-13:15
38        <intent>
38-->[:flutter_inappwebview_android] AndroidManifest.xml:10:9-12:18
39            <action android:name="android.support.customtabs.action.CustomTabsService" />
39-->[:flutter_inappwebview_android] AndroidManifest.xml:11:13-90
39-->[:flutter_inappwebview_android] AndroidManifest.xml:11:21-87
40        </intent>
41        <intent>
41-->[com.google.firebase:firebase-inappmessaging-display:21.0.1] AndroidManifest.xml:11:9-15:18
42            <action android:name="android.intent.action.VIEW" />
42-->src/main/AndroidManifest.xml:51:17-69
42-->src/main/AndroidManifest.xml:51:25-66
43
44            <data android:scheme="https" />
44-->src/main/AndroidManifest.xml:56:17-58:46
44-->src/main/AndroidManifest.xml:58:21-43
45        </intent> <!-- For browser content -->
46        <intent>
46-->[com.google.android.gms:play-services-ads-lite:23.4.0] AndroidManifest.xml:38:9-44:18
47            <action android:name="android.intent.action.VIEW" />
47-->src/main/AndroidManifest.xml:51:17-69
47-->src/main/AndroidManifest.xml:51:25-66
48
49            <category android:name="android.intent.category.BROWSABLE" />
49-->src/main/AndroidManifest.xml:54:17-78
49-->src/main/AndroidManifest.xml:54:27-75
50
51            <data android:scheme="https" />
51-->src/main/AndroidManifest.xml:56:17-58:46
51-->src/main/AndroidManifest.xml:58:21-43
52        </intent> <!-- End of CustomTabsService -->
53        <!-- For MRAID capabilities -->
54        <intent>
54-->[com.google.android.gms:play-services-ads-lite:23.4.0] AndroidManifest.xml:52:9-56:18
55            <action android:name="android.intent.action.INSERT" />
55-->[com.google.android.gms:play-services-ads-lite:23.4.0] AndroidManifest.xml:53:13-67
55-->[com.google.android.gms:play-services-ads-lite:23.4.0] AndroidManifest.xml:53:21-64
56
57            <data android:mimeType="vnd.android.cursor.dir/event" />
57-->src/main/AndroidManifest.xml:56:17-58:46
58        </intent>
59        <intent>
59-->[com.google.android.gms:play-services-ads-lite:23.4.0] AndroidManifest.xml:57:9-61:18
60            <action android:name="android.intent.action.VIEW" />
60-->src/main/AndroidManifest.xml:51:17-69
60-->src/main/AndroidManifest.xml:51:25-66
61
62            <data android:scheme="sms" />
62-->src/main/AndroidManifest.xml:56:17-58:46
62-->src/main/AndroidManifest.xml:58:21-43
63        </intent>
64        <intent>
64-->[com.google.android.gms:play-services-ads-lite:23.4.0] AndroidManifest.xml:62:9-66:18
65            <action android:name="android.intent.action.DIAL" />
65-->[com.google.android.gms:play-services-ads-lite:23.4.0] AndroidManifest.xml:63:13-65
65-->[com.google.android.gms:play-services-ads-lite:23.4.0] AndroidManifest.xml:63:21-62
66
67            <data android:path="tel:" />
67-->src/main/AndroidManifest.xml:56:17-58:46
68        </intent>
69    </queries> <!-- Create a unique permission for your app and use it so only your app can receive your OneSignal messages. -->
70    <permission
70-->[com.onesignal:notifications:5.1.26] AndroidManifest.xml:10:5-12:47
71        android:name="com.shreesamrajyalakshmitemple.permission.C2D_MESSAGE"
71-->[com.onesignal:notifications:5.1.26] AndroidManifest.xml:11:9-63
72        android:protectionLevel="signature" />
72-->[com.onesignal:notifications:5.1.26] AndroidManifest.xml:12:9-44
73
74    <uses-permission android:name="com.shreesamrajyalakshmitemple.permission.C2D_MESSAGE" /> <!-- c2dm RECEIVE are basic requirements for push messages through Google's FCM -->
74-->[com.onesignal:notifications:5.1.26] AndroidManifest.xml:14:5-79
74-->[com.onesignal:notifications:5.1.26] AndroidManifest.xml:14:22-76
75    <uses-permission android:name="com.google.android.c2dm.permission.RECEIVE" />
75-->[com.onesignal:notifications:5.1.26] AndroidManifest.xml:19:5-82
75-->[com.onesignal:notifications:5.1.26] AndroidManifest.xml:19:22-79
76    <!--
77 Required so the device vibrates on receiving a push notification.
78         Vibration settings of the device still apply.
79    -->
80    <uses-permission android:name="android.permission.VIBRATE" />
80-->[com.onesignal:notifications:5.1.26] AndroidManifest.xml:24:5-66
80-->[com.onesignal:notifications:5.1.26] AndroidManifest.xml:24:22-63
81    <!--
82 Use to restore notifications the user hasn't interacted with.
83     They could be missed notifications if the user reboots their device if this isn't in place.
84    -->
85    <uses-permission android:name="android.permission.RECEIVE_BOOT_COMPLETED" /> <!-- START: ShortcutBadger -->
85-->[com.onesignal:notifications:5.1.26] AndroidManifest.xml:29:5-81
85-->[com.onesignal:notifications:5.1.26] AndroidManifest.xml:29:22-78
86    <!-- Samsung -->
87    <uses-permission android:name="com.sec.android.provider.badge.permission.READ" />
87-->[com.onesignal:notifications:5.1.26] AndroidManifest.xml:31:5-86
87-->[com.onesignal:notifications:5.1.26] AndroidManifest.xml:31:22-83
88    <uses-permission android:name="com.sec.android.provider.badge.permission.WRITE" /> <!-- HTC -->
88-->[com.onesignal:notifications:5.1.26] AndroidManifest.xml:32:5-87
88-->[com.onesignal:notifications:5.1.26] AndroidManifest.xml:32:22-84
89    <uses-permission android:name="com.htc.launcher.permission.READ_SETTINGS" />
89-->[com.onesignal:notifications:5.1.26] AndroidManifest.xml:33:5-81
89-->[com.onesignal:notifications:5.1.26] AndroidManifest.xml:33:22-78
90    <uses-permission android:name="com.htc.launcher.permission.UPDATE_SHORTCUT" /> <!-- Sony -->
90-->[com.onesignal:notifications:5.1.26] AndroidManifest.xml:34:5-83
90-->[com.onesignal:notifications:5.1.26] AndroidManifest.xml:34:22-80
91    <uses-permission android:name="com.sonyericsson.home.permission.BROADCAST_BADGE" />
91-->[com.onesignal:notifications:5.1.26] AndroidManifest.xml:35:5-88
91-->[com.onesignal:notifications:5.1.26] AndroidManifest.xml:35:22-85
92    <uses-permission android:name="com.sonymobile.home.permission.PROVIDER_INSERT_BADGE" /> <!-- Apex -->
92-->[com.onesignal:notifications:5.1.26] AndroidManifest.xml:36:5-92
92-->[com.onesignal:notifications:5.1.26] AndroidManifest.xml:36:22-89
93    <uses-permission android:name="com.anddoes.launcher.permission.UPDATE_COUNT" /> <!-- Solid -->
93-->[com.onesignal:notifications:5.1.26] AndroidManifest.xml:37:5-84
93-->[com.onesignal:notifications:5.1.26] AndroidManifest.xml:37:22-81
94    <uses-permission android:name="com.majeur.launcher.permission.UPDATE_BADGE" /> <!-- Huawei -->
94-->[com.onesignal:notifications:5.1.26] AndroidManifest.xml:38:5-83
94-->[com.onesignal:notifications:5.1.26] AndroidManifest.xml:38:22-80
95    <uses-permission android:name="com.huawei.android.launcher.permission.CHANGE_BADGE" />
95-->[com.onesignal:notifications:5.1.26] AndroidManifest.xml:39:5-91
95-->[com.onesignal:notifications:5.1.26] AndroidManifest.xml:39:22-88
96    <uses-permission android:name="com.huawei.android.launcher.permission.READ_SETTINGS" />
96-->[com.onesignal:notifications:5.1.26] AndroidManifest.xml:40:5-92
96-->[com.onesignal:notifications:5.1.26] AndroidManifest.xml:40:22-89
97    <uses-permission android:name="com.huawei.android.launcher.permission.WRITE_SETTINGS" /> <!-- ZUK -->
97-->[com.onesignal:notifications:5.1.26] AndroidManifest.xml:41:5-93
97-->[com.onesignal:notifications:5.1.26] AndroidManifest.xml:41:22-90
98    <uses-permission android:name="android.permission.READ_APP_BADGE" /> <!-- OPPO -->
98-->[com.onesignal:notifications:5.1.26] AndroidManifest.xml:42:5-73
98-->[com.onesignal:notifications:5.1.26] AndroidManifest.xml:42:22-70
99    <uses-permission android:name="com.oppo.launcher.permission.READ_SETTINGS" />
99-->[com.onesignal:notifications:5.1.26] AndroidManifest.xml:43:5-82
99-->[com.onesignal:notifications:5.1.26] AndroidManifest.xml:43:22-79
100    <uses-permission android:name="com.oppo.launcher.permission.WRITE_SETTINGS" /> <!-- EvMe -->
100-->[com.onesignal:notifications:5.1.26] AndroidManifest.xml:44:5-83
100-->[com.onesignal:notifications:5.1.26] AndroidManifest.xml:44:22-80
101    <uses-permission android:name="me.everything.badger.permission.BADGE_COUNT_READ" />
101-->[com.onesignal:notifications:5.1.26] AndroidManifest.xml:45:5-88
101-->[com.onesignal:notifications:5.1.26] AndroidManifest.xml:45:22-85
102    <uses-permission android:name="me.everything.badger.permission.BADGE_COUNT_WRITE" />
102-->[com.onesignal:notifications:5.1.26] AndroidManifest.xml:46:5-89
102-->[com.onesignal:notifications:5.1.26] AndroidManifest.xml:46:22-86
103    <uses-permission android:name="com.google.android.gms.permission.AD_ID" />
103-->[com.google.android.gms:play-services-ads-lite:23.4.0] AndroidManifest.xml:26:5-79
103-->[com.google.android.gms:play-services-ads-lite:23.4.0] AndroidManifest.xml:26:22-76
104    <uses-permission android:name="android.permission.ACCESS_ADSERVICES_AD_ID" />
104-->[com.google.android.gms:play-services-ads-lite:23.4.0] AndroidManifest.xml:27:5-82
104-->[com.google.android.gms:play-services-ads-lite:23.4.0] AndroidManifest.xml:27:22-79
105    <uses-permission android:name="android.permission.ACCESS_ADSERVICES_ATTRIBUTION" />
105-->[com.google.android.gms:play-services-ads-lite:23.4.0] AndroidManifest.xml:28:5-88
105-->[com.google.android.gms:play-services-ads-lite:23.4.0] AndroidManifest.xml:28:22-85
106    <uses-permission android:name="android.permission.ACCESS_ADSERVICES_TOPICS" />
106-->[com.google.android.gms:play-services-ads-lite:23.4.0] AndroidManifest.xml:29:5-83
106-->[com.google.android.gms:play-services-ads-lite:23.4.0] AndroidManifest.xml:29:22-80
107    <uses-permission android:name="com.google.android.finsky.permission.BIND_GET_INSTALL_REFERRER_SERVICE" />
107-->[com.google.android.gms:play-services-measurement:22.1.2] AndroidManifest.xml:26:5-110
107-->[com.google.android.gms:play-services-measurement:22.1.2] AndroidManifest.xml:26:22-107
108    <uses-permission android:name="android.permission.FOREGROUND_SERVICE" />
108-->[androidx.work:work-runtime:2.8.1] AndroidManifest.xml:26:5-77
108-->[androidx.work:work-runtime:2.8.1] AndroidManifest.xml:26:22-74
109
110    <permission
110-->[androidx.core:core:1.13.1] AndroidManifest.xml:22:5-24:47
111        android:name="com.shreesamrajyalakshmitemple.DYNAMIC_RECEIVER_NOT_EXPORTED_PERMISSION"
111-->[androidx.core:core:1.13.1] AndroidManifest.xml:23:9-81
112        android:protectionLevel="signature" />
112-->[androidx.core:core:1.13.1] AndroidManifest.xml:24:9-44
113
114    <uses-permission android:name="com.shreesamrajyalakshmitemple.DYNAMIC_RECEIVER_NOT_EXPORTED_PERMISSION" />
114-->[androidx.core:core:1.13.1] AndroidManifest.xml:26:5-97
114-->[androidx.core:core:1.13.1] AndroidManifest.xml:26:22-94
115
116    <uses-feature
116-->[com.journeyapps:zxing-android-embedded:4.3.0] AndroidManifest.xml:28:5-30:36
117        android:name="android.hardware.camera.front"
117-->[com.journeyapps:zxing-android-embedded:4.3.0] AndroidManifest.xml:29:9-53
118        android:required="false" />
118-->[com.journeyapps:zxing-android-embedded:4.3.0] AndroidManifest.xml:30:9-33
119    <uses-feature
119-->[com.journeyapps:zxing-android-embedded:4.3.0] AndroidManifest.xml:36:5-38:36
120        android:name="android.hardware.camera.flash"
120-->[com.journeyapps:zxing-android-embedded:4.3.0] AndroidManifest.xml:37:9-53
121        android:required="false" />
121-->[com.journeyapps:zxing-android-embedded:4.3.0] AndroidManifest.xml:38:9-33
122    <uses-feature
122-->[com.journeyapps:zxing-android-embedded:4.3.0] AndroidManifest.xml:39:5-41:36
123        android:name="android.hardware.screen.landscape"
123-->[com.journeyapps:zxing-android-embedded:4.3.0] AndroidManifest.xml:40:9-57
124        android:required="false" />
124-->[com.journeyapps:zxing-android-embedded:4.3.0] AndroidManifest.xml:41:9-33
125    <uses-feature
125-->[com.journeyapps:zxing-android-embedded:4.3.0] AndroidManifest.xml:42:5-44:36
126        android:name="android.hardware.wifi"
126-->[com.journeyapps:zxing-android-embedded:4.3.0] AndroidManifest.xml:43:9-45
127        android:required="false" />
127-->[com.journeyapps:zxing-android-embedded:4.3.0] AndroidManifest.xml:44:9-33
128
129    <application
129-->src/main/AndroidManifest.xml:26:5-98:19
130        android:appComponentFactory="androidx.core.app.CoreComponentFactory"
130-->[androidx.core:core:1.13.1] AndroidManifest.xml:28:18-86
131        android:debuggable="true"
132        android:icon="@mipmap/ic_launcher"
132-->src/main/AndroidManifest.xml:27:9-43
133        android:label="Shree Samrajyalakshmi Maha Samsthanam"
133-->src/main/AndroidManifest.xml:28:9-62
134        android:requestLegacyExternalStorage="true"
134-->src/main/AndroidManifest.xml:29:9-52
135        android:usesCleartextTraffic="true" >
135-->src/main/AndroidManifest.xml:30:9-44
136        <meta-data
136-->src/main/AndroidManifest.xml:33:9-35:70
137            android:name="com.google.android.gms.ads.APPLICATION_ID"
137-->src/main/AndroidManifest.xml:34:13-69
138            android:value="ca-app-pub-3940256099942544~3347511713" />
138-->src/main/AndroidManifest.xml:35:13-67
139
140        <activity
140-->src/main/AndroidManifest.xml:37:9-78:20
141            android:name="com.shreesamrajyalakshmitemple.MainActivity"
141-->src/main/AndroidManifest.xml:38:13-71
142            android:configChanges="orientation|keyboardHidden|keyboard|screenSize|smallestScreenSize|locale|layoutDirection|fontScale|screenLayout|density|uiMode"
142-->src/main/AndroidManifest.xml:39:13-163
143            android:exported="true"
143-->src/main/AndroidManifest.xml:40:13-36
144            android:hardwareAccelerated="true"
144-->src/main/AndroidManifest.xml:41:13-47
145            android:launchMode="singleTask"
145-->src/main/AndroidManifest.xml:42:13-44
146            android:theme="@style/LaunchTheme"
146-->src/main/AndroidManifest.xml:43:13-47
147            android:windowSoftInputMode="adjustResize" >
147-->src/main/AndroidManifest.xml:44:13-55
148            <meta-data
148-->src/main/AndroidManifest.xml:46:13-48:40
149                android:name="flutter_deeplinking_enabled"
149-->src/main/AndroidManifest.xml:47:17-59
150                android:value="true" />
150-->src/main/AndroidManifest.xml:48:17-37
151
152            <intent-filter
152-->src/main/AndroidManifest.xml:50:13-60:29
153                android:autoVerify="true"
153-->src/main/AndroidManifest.xml:50:28-53
154                android:exported="true" >
154-->src/main/AndroidManifest.xml:50:54-77
155                <action android:name="android.intent.action.VIEW" />
155-->src/main/AndroidManifest.xml:51:17-69
155-->src/main/AndroidManifest.xml:51:25-66
156
157                <category android:name="android.intent.category.DEFAULT" />
157-->src/main/AndroidManifest.xml:53:17-76
157-->src/main/AndroidManifest.xml:53:27-73
158                <category android:name="android.intent.category.BROWSABLE" />
158-->src/main/AndroidManifest.xml:54:17-78
158-->src/main/AndroidManifest.xml:54:27-75
159
160                <data
160-->src/main/AndroidManifest.xml:56:17-58:46
161                    android:host="www.google.com"
161-->src/main/AndroidManifest.xml:57:21-50
162                    android:scheme="https" />
162-->src/main/AndroidManifest.xml:58:21-43
163            </intent-filter>
164
165            <meta-data
165-->src/main/AndroidManifest.xml:63:13-65:57
166                android:name="io.flutter.embedding.android.NormalTheme"
166-->src/main/AndroidManifest.xml:64:17-72
167                android:resource="@style/NormalTheme" />
167-->src/main/AndroidManifest.xml:65:17-54
168            <meta-data
168-->src/main/AndroidManifest.xml:67:13-69:66
169                android:name="io.flutter.embedding.android.SplashScreenDrawable"
169-->src/main/AndroidManifest.xml:68:17-81
170                android:resource="@drawable/launch_background" />
170-->src/main/AndroidManifest.xml:69:17-63
171
172            <intent-filter>
172-->src/main/AndroidManifest.xml:71:13-76:29
173                <action android:name="android.intent.action.MAIN" />
173-->src/main/AndroidManifest.xml:72:17-69
173-->src/main/AndroidManifest.xml:72:25-66
174                <action android:name="android.intent.action.VIEW" />
174-->src/main/AndroidManifest.xml:51:17-69
174-->src/main/AndroidManifest.xml:51:25-66
175
176                <category android:name="android.intent.category.LAUNCHER" />
176-->src/main/AndroidManifest.xml:75:17-77
176-->src/main/AndroidManifest.xml:75:27-74
177            </intent-filter>
178        </activity>
179
180        <meta-data
180-->src/main/AndroidManifest.xml:80:9-82:33
181            android:name="flutterEmbedding"
181-->src/main/AndroidManifest.xml:81:13-44
182            android:value="2" />
182-->src/main/AndroidManifest.xml:82:13-30
183
184        <!-- <provider -->
185        <!-- android:name="com.pichillilorenzo.flutter_inappwebview.InAppWebViewFileProvider" -->
186        <!-- android:authorities="${applicationId}.flutter_inappwebview.fileprovider" -->
187        <!-- android:exported="false" -->
188        <!-- android:grantUriPermissions="true"> -->
189        <!-- <meta-data -->
190        <!-- android:name="android.support.FILE_PROVIDER_PATHS" -->
191        <!-- android:resource="@xml/file_paths" /> -->
192        <!-- </provider> -->
193        <meta-data
193-->src/main/AndroidManifest.xml:94:9-96:36
194            android:name="com.onesignal.suppressLaunchURLs"
194-->src/main/AndroidManifest.xml:95:13-60
195            android:value="true" />
195-->src/main/AndroidManifest.xml:96:13-33
196
197        <service
197-->[:firebase_in_app_messaging] AndroidManifest.xml:10:9-14:19
198            android:name="com.google.firebase.components.ComponentDiscoveryService"
198-->[:firebase_in_app_messaging] AndroidManifest.xml:10:18-89
199            android:directBootAware="true"
199-->[com.google.firebase:firebase-common:21.0.0] AndroidManifest.xml:32:13-43
200            android:exported="false" >
200-->[com.google.firebase:firebase-inappmessaging-display:21.0.1] AndroidManifest.xml:21:13-37
201            <meta-data
201-->[:firebase_in_app_messaging] AndroidManifest.xml:11:13-13:85
202                android:name="com.google.firebase.components:io.flutter.plugins.firebase.inappmessaging.FlutterFirebaseAppRegistrar"
202-->[:firebase_in_app_messaging] AndroidManifest.xml:12:17-133
203                android:value="com.google.firebase.components.ComponentRegistrar" />
203-->[:firebase_in_app_messaging] AndroidManifest.xml:13:17-82
204            <meta-data
204-->[:firebase_messaging] AndroidManifest.xml:38:13-40:85
205                android:name="com.google.firebase.components:io.flutter.plugins.firebase.messaging.FlutterFirebaseAppRegistrar"
205-->[:firebase_messaging] AndroidManifest.xml:39:17-128
206                android:value="com.google.firebase.components.ComponentRegistrar" />
206-->[:firebase_messaging] AndroidManifest.xml:40:17-82
207            <meta-data
207-->[:firebase_core] AndroidManifest.xml:11:13-13:85
208                android:name="com.google.firebase.components:io.flutter.plugins.firebase.core.FlutterFirebaseCoreRegistrar"
208-->[:firebase_core] AndroidManifest.xml:12:17-124
209                android:value="com.google.firebase.components.ComponentRegistrar" />
209-->[:firebase_core] AndroidManifest.xml:13:17-82
210            <meta-data
210-->[com.google.firebase:firebase-inappmessaging-display:21.0.1] AndroidManifest.xml:22:13-24:85
211                android:name="com.google.firebase.components:com.google.firebase.inappmessaging.display.FirebaseInAppMessagingDisplayKtxRegistrar"
211-->[com.google.firebase:firebase-inappmessaging-display:21.0.1] AndroidManifest.xml:23:17-147
212                android:value="com.google.firebase.components.ComponentRegistrar" />
212-->[com.google.firebase:firebase-inappmessaging-display:21.0.1] AndroidManifest.xml:24:17-82
213            <meta-data
213-->[com.google.firebase:firebase-inappmessaging-display:21.0.1] AndroidManifest.xml:25:13-27:85
214                android:name="com.google.firebase.components:com.google.firebase.inappmessaging.display.FirebaseInAppMessagingDisplayRegistrar"
214-->[com.google.firebase:firebase-inappmessaging-display:21.0.1] AndroidManifest.xml:26:17-144
215                android:value="com.google.firebase.components.ComponentRegistrar" />
215-->[com.google.firebase:firebase-inappmessaging-display:21.0.1] AndroidManifest.xml:27:17-82
216            <meta-data
216-->[com.google.firebase:firebase-messaging:24.1.0] AndroidManifest.xml:57:13-59:85
217                android:name="com.google.firebase.components:com.google.firebase.messaging.FirebaseMessagingKtxRegistrar"
217-->[com.google.firebase:firebase-messaging:24.1.0] AndroidManifest.xml:58:17-122
218                android:value="com.google.firebase.components.ComponentRegistrar" />
218-->[com.google.firebase:firebase-messaging:24.1.0] AndroidManifest.xml:59:17-82
219            <meta-data
219-->[com.google.firebase:firebase-messaging:24.1.0] AndroidManifest.xml:60:13-62:85
220                android:name="com.google.firebase.components:com.google.firebase.messaging.FirebaseMessagingRegistrar"
220-->[com.google.firebase:firebase-messaging:24.1.0] AndroidManifest.xml:61:17-119
221                android:value="com.google.firebase.components.ComponentRegistrar" />
221-->[com.google.firebase:firebase-messaging:24.1.0] AndroidManifest.xml:62:17-82
222            <meta-data
222-->[com.google.android.gms:play-services-measurement-api:22.1.2] AndroidManifest.xml:37:13-39:85
223                android:name="com.google.firebase.components:com.google.firebase.analytics.connector.internal.AnalyticsConnectorRegistrar"
223-->[com.google.android.gms:play-services-measurement-api:22.1.2] AndroidManifest.xml:38:17-139
224                android:value="com.google.firebase.components.ComponentRegistrar" />
224-->[com.google.android.gms:play-services-measurement-api:22.1.2] AndroidManifest.xml:39:17-82
225            <meta-data
225-->[com.google.firebase:firebase-inappmessaging:21.0.1] AndroidManifest.xml:14:13-16:85
226                android:name="com.google.firebase.components:com.google.firebase.inappmessaging.FirebaseInAppMessagingKtxRegistrar"
226-->[com.google.firebase:firebase-inappmessaging:21.0.1] AndroidManifest.xml:15:17-132
227                android:value="com.google.firebase.components.ComponentRegistrar" />
227-->[com.google.firebase:firebase-inappmessaging:21.0.1] AndroidManifest.xml:16:17-82
228            <meta-data
228-->[com.google.firebase:firebase-inappmessaging:21.0.1] AndroidManifest.xml:17:13-19:85
229                android:name="com.google.firebase.components:com.google.firebase.inappmessaging.FirebaseInAppMessagingRegistrar"
229-->[com.google.firebase:firebase-inappmessaging:21.0.1] AndroidManifest.xml:18:17-129
230                android:value="com.google.firebase.components.ComponentRegistrar" />
230-->[com.google.firebase:firebase-inappmessaging:21.0.1] AndroidManifest.xml:19:17-82
231            <meta-data
231-->[com.google.firebase:firebase-installations:18.0.0] AndroidManifest.xml:15:13-17:85
232                android:name="com.google.firebase.components:com.google.firebase.installations.FirebaseInstallationsKtxRegistrar"
232-->[com.google.firebase:firebase-installations:18.0.0] AndroidManifest.xml:16:17-130
233                android:value="com.google.firebase.components.ComponentRegistrar" />
233-->[com.google.firebase:firebase-installations:18.0.0] AndroidManifest.xml:17:17-82
234            <meta-data
234-->[com.google.firebase:firebase-installations:18.0.0] AndroidManifest.xml:18:13-20:85
235                android:name="com.google.firebase.components:com.google.firebase.installations.FirebaseInstallationsRegistrar"
235-->[com.google.firebase:firebase-installations:18.0.0] AndroidManifest.xml:19:17-127
236                android:value="com.google.firebase.components.ComponentRegistrar" />
236-->[com.google.firebase:firebase-installations:18.0.0] AndroidManifest.xml:20:17-82
237            <meta-data
237-->[com.google.firebase:firebase-common-ktx:21.0.0] AndroidManifest.xml:12:13-14:85
238                android:name="com.google.firebase.components:com.google.firebase.ktx.FirebaseCommonLegacyRegistrar"
238-->[com.google.firebase:firebase-common-ktx:21.0.0] AndroidManifest.xml:13:17-116
239                android:value="com.google.firebase.components.ComponentRegistrar" />
239-->[com.google.firebase:firebase-common-ktx:21.0.0] AndroidManifest.xml:14:17-82
240            <meta-data
240-->[com.google.firebase:firebase-common:21.0.0] AndroidManifest.xml:35:13-37:85
241                android:name="com.google.firebase.components:com.google.firebase.FirebaseCommonKtxRegistrar"
241-->[com.google.firebase:firebase-common:21.0.0] AndroidManifest.xml:36:17-109
242                android:value="com.google.firebase.components.ComponentRegistrar" />
242-->[com.google.firebase:firebase-common:21.0.0] AndroidManifest.xml:37:17-82
243            <meta-data
243-->[com.google.firebase:firebase-abt:21.1.1] AndroidManifest.xml:12:13-14:85
244                android:name="com.google.firebase.components:com.google.firebase.abt.component.AbtRegistrar"
244-->[com.google.firebase:firebase-abt:21.1.1] AndroidManifest.xml:13:17-109
245                android:value="com.google.firebase.components.ComponentRegistrar" />
245-->[com.google.firebase:firebase-abt:21.1.1] AndroidManifest.xml:14:17-82
246            <meta-data
246-->[com.google.firebase:firebase-datatransport:18.2.0] AndroidManifest.xml:25:13-27:85
247                android:name="com.google.firebase.components:com.google.firebase.datatransport.TransportRegistrar"
247-->[com.google.firebase:firebase-datatransport:18.2.0] AndroidManifest.xml:26:17-115
248                android:value="com.google.firebase.components.ComponentRegistrar" />
248-->[com.google.firebase:firebase-datatransport:18.2.0] AndroidManifest.xml:27:17-82
249        </service>
250        <service
250-->[:firebase_messaging] AndroidManifest.xml:16:9-19:72
251            android:name="io.flutter.plugins.firebase.messaging.FlutterFirebaseMessagingBackgroundService"